<?xml version="1.0" encoding="UTF-8"?>
<!-- Generated by org.testng.reporters.JUnitXMLReporter -->
<testsuite ignored="0" hostname="Maaran-CR241" failures="5" tests="5" name="Test" time="0.125" errors="0" timestamp="2025-09-13T10:26:22 IST">
  <testcase classname="Test.Test_Customer_IndexTest" name="Index_001Test" time="0.009">
    <failure type="java.lang.RuntimeException" message="Test not implemented">
      <![CDATA[java.lang.RuntimeException: Test not implemented
at Test.Test_Customer_IndexTest.Index_001Test(Test_Customer_IndexTest.java:9)
at java.base/java.util.ArrayList.forEach(ArrayList.java:1596)
... Removed 25 stack frames]]>
    </failure>
  </testcase> <!-- Index_001Test -->
  <testcase classname="Test.Test_Customer_IndexTest" name="TestCaseTest" time="0.001">
    <failure type="java.lang.RuntimeException" message="Test not implemented">
      <![CDATA[java.lang.RuntimeException: Test not implemented
at Test.Test_Customer_IndexTest.TestCaseTest(Test_Customer_IndexTest.java:14)
at java.base/java.util.ArrayList.forEach(ArrayList.java:1596)
... Removed 25 stack frames]]>
    </failure>
  </testcase> <!-- TestCaseTest -->
  <testcase classname="Test.Test_Customer_IndexTest" name="TestCase_001Test" time="0.001">
    <failure type="java.lang.RuntimeException" message="Test not implemented">
      <![CDATA[java.lang.RuntimeException: Test not implemented
at Test.Test_Customer_IndexTest.TestCase_001Test(Test_Customer_IndexTest.java:19)
at java.base/java.util.ArrayList.forEach(ArrayList.java:1596)
... Removed 25 stack frames]]>
    </failure>
  </testcase> <!-- TestCase_001Test -->
  <testcase classname="Test.Test_Customer_Index" name="Index_001" time="0.055">
    <failure type="java.lang.IllegalArgumentException" message="Input must be set">
      <![CDATA[java.lang.IllegalArgumentException: Input must be set
at org.openqa.selenium.internal.Require.nonNull(Require.java:60)
at org.openqa.selenium.support.ui.FluentWait.<init>(FluentWait.java:94)
at org.openqa.selenium.support.ui.WebDriverWait.<init>(WebDriverWait.java:74)
at org.openqa.selenium.support.ui.WebDriverWait.<init>(WebDriverWait.java:43)
at Utility.Reusable_methods.explicitWait(Reusable_methods.java:39)
at PageObjectModels.Login_Page.setUsername(Login_Page.java:42)
at Test.Test_Customer_Index.Index_001(Test_Customer_Index.java:19)
at java.base/java.util.ArrayList.forEach(ArrayList.java:1596)
... Removed 25 stack frames]]>
    </failure>
  </testcase> <!-- Index_001 -->
  <testcase classname="Test.Test_Express_Inv" name="TestCase_001" time="0.002">
    <failure type="java.lang.IllegalArgumentException" message="Input must be set">
      <![CDATA[java.lang.IllegalArgumentException: Input must be set
at org.openqa.selenium.internal.Require.nonNull(Require.java:60)
at org.openqa.selenium.support.ui.FluentWait.<init>(FluentWait.java:94)
at org.openqa.selenium.support.ui.WebDriverWait.<init>(WebDriverWait.java:74)
at org.openqa.selenium.support.ui.WebDriverWait.<init>(WebDriverWait.java:43)
at Utility.Reusable_methods.explicitWait(Reusable_methods.java:39)
at PageObjectModels.Login_Page.setUsername(Login_Page.java:42)
at Test.Test_Express_Inv.TestCase_001(Test_Express_Inv.java:11)
at java.base/java.util.ArrayList.forEach(ArrayList.java:1596)
... Removed 25 stack frames]]>
    </failure>
  </testcase> <!-- TestCase_001 -->
</testsuite> <!-- Test -->
